<?xml version="1.0" encoding="UTF-8"?>
<!-- Generated by org.testng.reporters.JUnitReportReporter -->
<testsuite hostname="DESKTOP-3SJ6CNC" failures="0" tests="3"
	name="testing.Day4" time="0.012" errors="0"
	timestamp="2023-03-21T13:30:07 CET" skipped="0">
	<testcase classname="testing.Day4" name="WebloginHomeLoan"
		time="0.005" />
	<system-out />
	<testcase classname="testing.Day4" name="MobileLoginHomeLoan"
		time="0.002" />
	<system-out />
	<testcase classname="testing.Day4" name="LoginAPIHomeLoan"
		time="0.005" />
	<system-out />
</testsuite> <!-- testing.Day4 -->
