<?xml version="1.0" encoding="UTF-8"?>
<!-- Generated by org.testng.reporters.JUnitXMLReporter -->
<testsuite ignored="0" hostname="DESKTOP-3SJ6CNC" failures="0"
	tests="6" name="Car Loan" time="0.026" errors="0"
	timestamp="2023-03-14T11:27:06 CET">
	<testcase classname="testing.Day3" name="LoginAPIcarLoan"
		time="0.001" />
	<testcase classname="testing.Day3" name="MobileLogincarLoan"
		time="0.001" />
	<testcase classname="testing.Day3" name="WebloginCarLoan"
		time="0.003" />
	<testcase classname="testing.Day4" name="LoginAPIHomeLoan"
		time="0.002" />
	<testcase classname="testing.Day4" name="MobileLoginHomeLoan"
		time="0.003" />
	<testcase classname="testing.Day4" name="WebloginHomeoan"
		time="0.001" />
</testsuite> <!-- Car Loan -->
