<?xml version="1.0" encoding="UTF-8"?>
<!-- Generated by org.testng.reporters.JUnitXMLReporter -->
<testsuite ignored="1" hostname="DESKTOP-3SJ6CNC" failures="0" tests="1" name="Error Validation Test" time="18.139" errors="0" timestamp="2023-03-20T16:16:16 CET">
  <testcase classname="framework.ErrorValidationTest" name="ProductErrorValidation" time="11.332"/>
  <testcase classname="framework.ErrorValidationTest" name="LoginErrorValidation" time="0.0">
    <ignored/>
  </testcase> <!-- LoginErrorValidation -->
</testsuite> <!-- Error Validation Test -->
