<?xml version="1.0" encoding="UTF-8"?>
<!-- Generated by org.testng.reporters.JUnitXMLReporter -->
<testsuite ignored="1" hostname="DESKTOP-3SJ6CNC" failures="0" tests="2" name="Test" time="36.084" errors="0" timestamp="2023-03-20T17:12:24 CET">
  <testcase classname="framework.StandAloneTest" name="submitOrder" time="12.224"/>
  <testcase classname="framework.StandAloneTest" name="submitOrder" time="12.265"/>
  <testcase classname="framework.StandAloneTest" name="OrderHistoryTest" time="0.0">
    <ignored/>
  </testcase> <!-- OrderHistoryTest -->
</testsuite> <!-- Test -->
