<?xml version="1.0" encoding="UTF-8"?>
<testng-results ignored="0" total="5" passed="5"
	failed="0" skipped="0">
	<reporter-output>
	</reporter-output>
	<suite started-at="2023-03-22T16:49:18 CET" name="Suite"
		finished-at="2023-03-22T16:49:56 CET" duration-ms="37320">
		<groups>
			<group name="ErrorHandling">
				<method
					signature="ErrorValidationTest.LoginErrorValidation()[pri:0, instance:testComponent.tests.ErrorValidationTest@6f204a1a]"
					name="LoginErrorValidation"
					class="testComponent.tests.ErrorValidationTest" />
			</group> <!-- ErrorHandling -->
			<group name="Purchase">
				<method
					signature="SubmitOrderTest.submitOrder(java.util.HashMap)[pri:0, instance:testComponent.tests.SubmitOrderTest@1a75e76a]"
					name="submitOrder" class="testComponent.tests.SubmitOrderTest" />
			</group> <!-- Purchase -->
		</groups>
		<test started-at="2023-03-22T16:49:18 CET"
			name="Error Validation Test" finished-at="2023-03-22T16:49:51 CET"
			duration-ms="32670">
			<class name="testComponent.tests.ErrorValidationTest">
				<test-method is-config="true"
					signature="launchApplication()[pri:0, instance:testComponent.tests.ErrorValidationTest@6f204a1a]"
					started-at="2023-03-22T16:49:18 CET" name="launchApplication"
					finished-at="2023-03-22T16:49:24 CET" duration-ms="5630"
					status="PASS">
					<reporter-output>
					</reporter-output>
				</test-method> <!-- launchApplication -->
				<test-method
					signature="LoginErrorValidation()[pri:0, instance:testComponent.tests.ErrorValidationTest@6f204a1a]"
					started-at="2023-03-22T16:49:24 CET" name="LoginErrorValidation"
					finished-at="2023-03-22T16:49:25 CET" duration-ms="586"
					status="PASS">
					<reporter-output>
					</reporter-output>
				</test-method> <!-- LoginErrorValidation -->
				<test-method is-config="true"
					signature="tearDown()[pri:0, instance:testComponent.tests.ErrorValidationTest@6f204a1a]"
					started-at="2023-03-22T16:49:25 CET" name="tearDown"
					finished-at="2023-03-22T16:49:25 CET" duration-ms="259"
					status="PASS">
					<reporter-output>
					</reporter-output>
				</test-method> <!-- tearDown -->
				<test-method is-config="true"
					signature="launchApplication()[pri:0, instance:testComponent.tests.ErrorValidationTest@6f204a1a]"
					started-at="2023-03-22T16:49:25 CET" name="launchApplication"
					finished-at="2023-03-22T16:49:30 CET" duration-ms="4926"
					status="PASS">
					<reporter-output>
					</reporter-output>
				</test-method> <!-- launchApplication -->
				<test-method
					signature="ProductErrorValidation()[pri:0, instance:testComponent.tests.ErrorValidationTest@6f204a1a]"
					started-at="2023-03-22T16:49:30 CET" name="ProductErrorValidation"
					finished-at="2023-03-22T16:49:51 CET" duration-ms="21022"
					status="PASS">
					<reporter-output>
					</reporter-output>
				</test-method> <!-- ProductErrorValidation -->
				<test-method is-config="true"
					signature="tearDown()[pri:0, instance:testComponent.tests.ErrorValidationTest@6f204a1a]"
					started-at="2023-03-22T16:49:51 CET" name="tearDown"
					finished-at="2023-03-22T16:49:51 CET" duration-ms="212"
					status="PASS">
					<reporter-output>
					</reporter-output>
				</test-method> <!-- tearDown -->
			</class> <!-- testComponent.tests.ErrorValidationTest -->
		</test> <!-- Error Validation Test -->
		<test started-at="2023-03-22T16:49:18 CET" name="Test"
			finished-at="2023-03-22T16:49:56 CET" duration-ms="37320">
			<class name="testComponent.tests.SubmitOrderTest">
				<test-method is-config="true"
					signature="launchApplication()[pri:0, instance:testComponent.tests.SubmitOrderTest@1a75e76a]"
					started-at="2023-03-22T16:49:19 CET" name="launchApplication"
					finished-at="2023-03-22T16:49:23 CET" duration-ms="4235"
					status="PASS">
					<reporter-output>
					</reporter-output>
				</test-method> <!-- launchApplication -->
				<test-method
					signature="submitOrder(java.util.HashMap)[pri:0, instance:testComponent.tests.SubmitOrderTest@1a75e76a]"
					started-at="2023-03-22T16:49:23 CET" name="submitOrder"
					data-provider="getData" finished-at="2023-03-22T16:49:35 CET"
					duration-ms="12497" status="PASS">
					<params>
						<param index="0">
							<value>
                <![CDATA[{password=Iamking@000, product=ZARA COAT 3, email=anshika@gmail.com}]]>
							</value>
						</param>
					</params>
					<reporter-output>
					</reporter-output>
				</test-method> <!-- submitOrder -->
				<test-method is-config="true"
					signature="tearDown()[pri:0, instance:testComponent.tests.SubmitOrderTest@1a75e76a]"
					started-at="2023-03-22T16:49:35 CET" name="tearDown"
					finished-at="2023-03-22T16:49:36 CET" duration-ms="234"
					status="PASS">
					<reporter-output>
					</reporter-output>
				</test-method> <!-- tearDown -->
				<test-method is-config="true"
					signature="launchApplication()[pri:0, instance:testComponent.tests.SubmitOrderTest@1a75e76a]"
					started-at="2023-03-22T16:49:36 CET" name="launchApplication"
					finished-at="2023-03-22T16:49:39 CET" duration-ms="3299"
					status="PASS">
					<reporter-output>
					</reporter-output>
				</test-method> <!-- launchApplication -->
				<test-method
					signature="submitOrder(java.util.HashMap)[pri:0, instance:testComponent.tests.SubmitOrderTest@1a75e76a]"
					started-at="2023-03-22T16:49:39 CET" name="submitOrder"
					data-provider="getData" finished-at="2023-03-22T16:49:51 CET"
					duration-ms="12241" status="PASS">
					<params>
						<param index="0">
							<value>
                <![CDATA[{password=Iamking@000, product=ADIDAS ORIGINAL, email=shetty@gmail.com}]]>
							</value>
						</param>
					</params>
					<reporter-output>
					</reporter-output>
				</test-method> <!-- submitOrder -->
				<test-method is-config="true"
					signature="tearDown()[pri:0, instance:testComponent.tests.SubmitOrderTest@1a75e76a]"
					started-at="2023-03-22T16:49:51 CET" name="tearDown"
					finished-at="2023-03-22T16:49:52 CET" duration-ms="623"
					status="PASS">
					<reporter-output>
					</reporter-output>
				</test-method> <!-- tearDown -->
				<test-method is-config="true"
					signature="launchApplication()[pri:0, instance:testComponent.tests.SubmitOrderTest@1a75e76a]"
					started-at="2023-03-22T16:49:52 CET" name="launchApplication"
					finished-at="2023-03-22T16:49:55 CET" duration-ms="2900"
					status="PASS">
					<reporter-output>
					</reporter-output>
				</test-method> <!-- launchApplication -->
				<test-method
					signature="OrderHistoryTest()[pri:0, instance:testComponent.tests.SubmitOrderTest@1a75e76a]"
					started-at="2023-03-22T16:49:55 CET" name="OrderHistoryTest"
					finished-at="2023-03-22T16:49:55 CET"
					depends-on-methods="testComponent.tests.SubmitOrderTest.submitOrder"
					duration-ms="764" status="PASS">
					<reporter-output>
					</reporter-output>
				</test-method> <!-- OrderHistoryTest -->
				<test-method is-config="true"
					signature="tearDown()[pri:0, instance:testComponent.tests.SubmitOrderTest@1a75e76a]"
					started-at="2023-03-22T16:49:55 CET" name="tearDown"
					finished-at="2023-03-22T16:49:56 CET" duration-ms="221"
					status="PASS">
					<reporter-output>
					</reporter-output>
				</test-method> <!-- tearDown -->
			</class> <!-- testComponent.tests.SubmitOrderTest -->
		</test> <!-- Test -->
	</suite> <!-- Suite -->
</testng-results>
