<?xml version="1.0" encoding="UTF-8"?>
<!-- Generated by org.testng.reporters.JUnitXMLReporter -->
<testsuite ignored="0" hostname="DESKTOP-3SJ6CNC" failures="0" tests="3" name="Default test" time="36.846" errors="0" timestamp="2023-03-21T12:21:35 CET">
  <testcase classname="framework.StandAloneTest" name="submitOrder" time="12.013"/>
  <testcase classname="framework.StandAloneTest" name="submitOrder" time="12.238"/>
  <testcase classname="framework.StandAloneTest" name="OrderHistoryTest" time="0.752"/>
</testsuite> <!-- Default test -->
