<?xml version="1.0" encoding="UTF-8"?>
<!-- Generated by org.testng.reporters.JUnitXMLReporter -->
<testsuite ignored="0" hostname="DESKTOP-3SJ6CNC" failures="0"
	tests="3" name="Default test" time="0.511" errors="0"
	timestamp="2023-03-27T17:06:25 CEST">
	<testcase
		classname="dataDriver.excelDataProvider.dataProvider"
		name="testCaseData" time="0.005" />
	<testcase
		classname="dataDriver.excelDataProvider.dataProvider"
		name="testCaseData" time="0.002" />
	<testcase
		classname="dataDriver.excelDataProvider.dataProvider"
		name="testCaseData" time="0.001" />
</testsuite> <!-- Default test -->
