<?xml version="1.0" encoding="UTF-8"?>
<!-- Generated by org.testng.reporters.JUnitXMLReporter -->
<testsuite ignored="2" hostname="DESKTOP-3SJ6CNC" failures="0"
	tests="5" name="Car Loan" time="0.056" errors="0"
	timestamp="2023-03-22T15:02:56 CET">
	<testcase classname="testing.Day3" name="MobileLogincarLoan"
		time="0.002" />
	<testcase classname="testing.Day3" name="MobilesignoutcarLoan"
		time="0.0" />
	<testcase classname="testing.Day3" name="MobilesignoutcarLoan"
		time="0.001" />
	<testcase classname="testing.Day3" name="MobilesignoutcarLoan"
		time="0.001" />
	<testcase classname="testing.Day3" name="WebloginCarLoan"
		time="0.0" />
	<testcase classname="testing.Day3" name="MobilesignimcarLoan"
		time="0.0">
		<ignored />
	</testcase> <!-- MobilesignimcarLoan -->
	<testcase classname="testing.Day3" name="APIcarLoan"
		time="0.0">
		<ignored />
	</testcase> <!-- APIcarLoan -->
</testsuite> <!-- Car Loan -->
