<?xml version="1.0" encoding="UTF-8"?>
<testng-results ignored="0" total="3" passed="3" failed="0" skipped="0">
  <reporter-output>
  </reporter-output>
  <suite started-at="2023-03-21T12:20:58 CET" name="Default suite" finished-at="2023-03-21T12:21:35 CET" duration-ms="36846">
    <groups>
      <group name="Purchase">
        <method signature="StandAloneTest.submitOrder(java.util.HashMap)[pri:0, instance:framework.StandAloneTest@7d8995e]" name="submitOrder" class="framework.StandAloneTest"/>
      </group> <!-- Purchase -->
    </groups>
    <test started-at="2023-03-21T12:20:58 CET" name="Default test" finished-at="2023-03-21T12:21:35 CET" duration-ms="36846">
      <class name="framework.StandAloneTest">
        <test-method is-config="true" signature="launchApplication()[pri:0, instance:framework.StandAloneTest@7d8995e]" started-at="2023-03-21T12:20:58 CET" name="launchApplication" finished-at="2023-03-21T12:21:03 CET" duration-ms="5269" status="PASS">
          <reporter-output>
          </reporter-output>
        </test-method> <!-- launchApplication -->
        <test-method signature="submitOrder(java.util.HashMap)[pri:0, instance:framework.StandAloneTest@7d8995e]" started-at="2023-03-21T12:21:03 CET" name="submitOrder" data-provider="getData" finished-at="2023-03-21T12:21:15 CET" duration-ms="12013" status="PASS">
          <params>
            <param index="0">
              <value>
                <![CDATA[{password=Iamking@000, product=ZARA COAT 3, email=anshika@gmail.com}]]>
              </value>
            </param>
          </params>
          <reporter-output>
          </reporter-output>
        </test-method> <!-- submitOrder -->
        <test-method is-config="true" signature="tearDown()[pri:0, instance:framework.StandAloneTest@7d8995e]" started-at="2023-03-21T12:21:15 CET" name="tearDown" finished-at="2023-03-21T12:21:15 CET" duration-ms="277" status="PASS">
          <reporter-output>
          </reporter-output>
        </test-method> <!-- tearDown -->
        <test-method is-config="true" signature="launchApplication()[pri:0, instance:framework.StandAloneTest@7d8995e]" started-at="2023-03-21T12:21:15 CET" name="launchApplication" finished-at="2023-03-21T12:21:18 CET" duration-ms="2831" status="PASS">
          <reporter-output>
          </reporter-output>
        </test-method> <!-- launchApplication -->
        <test-method signature="submitOrder(java.util.HashMap)[pri:0, instance:framework.StandAloneTest@7d8995e]" started-at="2023-03-21T12:21:18 CET" name="submitOrder" data-provider="getData" finished-at="2023-03-21T12:21:30 CET" duration-ms="12238" status="PASS">
          <params>
            <param index="0">
              <value>
                <![CDATA[{password=Iamking@000, product=ADIDAS ORIGINAL, email=shetty@gmail.com}]]>
              </value>
            </param>
          </params>
          <reporter-output>
          </reporter-output>
        </test-method> <!-- submitOrder -->
        <test-method is-config="true" signature="tearDown()[pri:0, instance:framework.StandAloneTest@7d8995e]" started-at="2023-03-21T12:21:30 CET" name="tearDown" finished-at="2023-03-21T12:21:31 CET" duration-ms="227" status="PASS">
          <reporter-output>
          </reporter-output>
        </test-method> <!-- tearDown -->
        <test-method is-config="true" signature="launchApplication()[pri:0, instance:framework.StandAloneTest@7d8995e]" started-at="2023-03-21T12:21:31 CET" name="launchApplication" finished-at="2023-03-21T12:21:34 CET" duration-ms="2945" status="PASS">
          <reporter-output>
          </reporter-output>
        </test-method> <!-- launchApplication -->
        <test-method signature="OrderHistoryTest()[pri:0, instance:framework.StandAloneTest@7d8995e]" started-at="2023-03-21T12:21:34 CET" name="OrderHistoryTest" finished-at="2023-03-21T12:21:34 CET" depends-on-methods="framework.StandAloneTest.submitOrder" duration-ms="752" status="PASS">
          <reporter-output>
          </reporter-output>
        </test-method> <!-- OrderHistoryTest -->
        <test-method is-config="true" signature="tearDown()[pri:0, instance:framework.StandAloneTest@7d8995e]" started-at="2023-03-21T12:21:34 CET" name="tearDown" finished-at="2023-03-21T12:21:35 CET" duration-ms="227" status="PASS">
          <reporter-output>
          </reporter-output>
        </test-method> <!-- tearDown -->
      </class> <!-- framework.StandAloneTest -->
    </test> <!-- Default test -->
  </suite> <!-- Default suite -->
</testng-results>
