<?xml version="1.0" encoding="UTF-8"?>
<testng-results ignored="3" total="4" passed="1" failed="0" skipped="0">
  <reporter-output>
  </reporter-output>
  <suite started-at="2023-03-20T16:15:58 CET" name="Suite" finished-at="2023-03-20T16:16:16 CET" duration-ms="18144">
    <groups>
      <group name="ErrorHanling">
        <method signature="ErrorValidationTest.ProductErrorValidation()[pri:0, instance:framework.ErrorValidationTest@40a4337a]" name="ProductErrorValidation" class="framework.ErrorValidationTest"/>
      </group> <!-- ErrorHanling -->
    </groups>
    <test started-at="2023-03-20T16:15:58 CET" name="Test" finished-at="2023-03-20T16:15:58 CET" duration-ms="15">
    </test> <!-- Test -->
    <test started-at="2023-03-20T16:15:58 CET" name="Error Validation Test" finished-at="2023-03-20T16:16:16 CET" duration-ms="18139">
      <class name="framework.ErrorValidationTest">
        <test-method is-config="true" signature="launchApplication()[pri:0, instance:framework.ErrorValidationTest@40a4337a]" started-at="2023-03-20T16:15:58 CET" name="launchApplication" finished-at="2023-03-20T16:16:04 CET" duration-ms="6553" status="PASS">
          <reporter-output>
          </reporter-output>
        </test-method> <!-- launchApplication -->
        <test-method signature="ProductErrorValidation()[pri:0, instance:framework.ErrorValidationTest@40a4337a]" started-at="2023-03-20T16:16:04 CET" name="ProductErrorValidation" finished-at="2023-03-20T16:16:16 CET" duration-ms="11332" status="PASS">
          <reporter-output>
          </reporter-output>
        </test-method> <!-- ProductErrorValidation -->
        <test-method is-config="true" signature="tearDown()[pri:0, instance:framework.ErrorValidationTest@40a4337a]" started-at="2023-03-20T16:16:16 CET" name="tearDown" finished-at="2023-03-20T16:16:16 CET" duration-ms="205" status="PASS">
          <reporter-output>
          </reporter-output>
        </test-method> <!-- tearDown -->
      </class> <!-- framework.ErrorValidationTest -->
    </test> <!-- Error Validation Test -->
  </suite> <!-- Suite -->
</testng-results>
