<?xml version="1.0" encoding="UTF-8"?>
<!-- Generated by org.testng.reporters.JUnitXMLReporter -->
<testsuite ignored="0" hostname="DESKTOP-3SJ6CNC" failures="0"
	tests="2" name="Error Validation Test" time="32.67" errors="0"
	timestamp="2023-03-22T16:49:52 CET">
	<testcase classname="testComponent.tests.ErrorValidationTest"
		name="LoginErrorValidation" time="0.586" />
	<testcase classname="testComponent.tests.ErrorValidationTest"
		name="ProductErrorValidation" time="21.022" />
</testsuite> <!-- Error Validation Test -->
