<?xml version="1.0" encoding="UTF-8"?>
<!-- Generated by org.testng.reporters.JUnitXMLReporter -->
<testsuite ignored="0" hostname="DESKTOP-3SJ6CNC" failures="0"
	tests="3" name="Test" time="37.32" errors="0"
	timestamp="2023-03-22T16:49:56 CET">
	<testcase classname="testComponent.tests.SubmitOrderTest"
		name="submitOrder" time="12.497" />
	<testcase classname="testComponent.tests.SubmitOrderTest"
		name="submitOrder" time="12.241" />
	<testcase classname="testComponent.tests.SubmitOrderTest"
		name="OrderHistoryTest" time="0.764" />
</testsuite> <!-- Test -->
